<?xml version="1.0" encoding="UTF-8"?>
<!-- Generated by org.testng.reporters.JUnitXMLReporter -->
<testsuite ignored="1" hostname="DESKTOP-QNTD8CV" failures="0" tests="5" name="Test" time="13.509" errors="0" timestamp="2022-03-16T22:32:06 IST">
  <testcase classname="RestTesting.E_Commerce1" name="Login" time="8.671"/>
  <testcase classname="RestTesting.E_Commerce1" name="Getallusers" time="2.389"/>
  <testcase classname="RestTesting.Trello" name="createBoard" time="0.988"/>
  <testcase classname="RestTesting.Trello" name="getBoard" time="0.653"/>
  <testcase classname="RestTesting.Trello" name="DeleteBoard" time="0.731"/>
  <testcase classname="RestTesting.E_Commerce1" name="signup" time="0.0">
    <ignored/>
  </testcase> <!-- signup -->
</testsuite> <!-- Test -->
