<?xml version="1.0" encoding="UTF-8"?>
<testng-results ignored="1" total="6" passed="5" failed="0" skipped="0">
  <reporter-output>
  </reporter-output>
  <suite started-at="2022-03-16T22:31:53 IST" name="Suite" finished-at="2022-03-16T22:32:06 IST" duration-ms="13509">
    <groups>
    </groups>
    <test started-at="2022-03-16T22:31:53 IST" name="Test" finished-at="2022-03-16T22:32:06 IST" duration-ms="13509">
      <class name="RestTesting.E_Commerce1">
        <test-method signature="Login()[pri:1, instance:RestTesting.E_Commerce1@625732]" started-at="2022-03-16T22:31:53 IST" name="Login" finished-at="2022-03-16T22:32:01 IST" duration-ms="8671" status="PASS">
          <reporter-output>
          </reporter-output>
        </test-method> <!-- Login -->
        <test-method signature="Getallusers()[pri:2, instance:RestTesting.E_Commerce1@625732]" started-at="2022-03-16T22:32:01 IST" name="Getallusers" finished-at="2022-03-16T22:32:04 IST" duration-ms="2389" status="PASS">
          <reporter-output>
          </reporter-output>
        </test-method> <!-- Getallusers -->
      </class> <!-- RestTesting.E_Commerce1 -->
      <class name="RestTesting.Trello">
        <test-method signature="createBoard()[pri:0, instance:RestTesting.Trello@193f604a]" started-at="2022-03-16T22:32:04 IST" name="createBoard" finished-at="2022-03-16T22:32:05 IST" duration-ms="988" status="PASS">
          <reporter-output>
          </reporter-output>
        </test-method> <!-- createBoard -->
        <test-method signature="getBoard()[pri:1, instance:RestTesting.Trello@193f604a]" started-at="2022-03-16T22:32:05 IST" name="getBoard" finished-at="2022-03-16T22:32:05 IST" duration-ms="653" status="PASS">
          <reporter-output>
          </reporter-output>
        </test-method> <!-- getBoard -->
        <test-method signature="DeleteBoard()[pri:2, instance:RestTesting.Trello@193f604a]" started-at="2022-03-16T22:32:05 IST" name="DeleteBoard" finished-at="2022-03-16T22:32:06 IST" duration-ms="731" status="PASS">
          <reporter-output>
          </reporter-output>
        </test-method> <!-- DeleteBoard -->
      </class> <!-- RestTesting.Trello -->
    </test> <!-- Test -->
  </suite> <!-- Suite -->
</testng-results>
