<?xml version="1.0" encoding="UTF-8"?>
<!-- Generated by org.testng.reporters.JUnitXMLReporter -->
<testsuite hostname="DESKTOP-QNTD8CV" name="Test" tests="5" failures="0" timestamp="16 Mar 2022 17:47:00 GMT" time="15.663" errors="0">
  <testcase name="createBoard" time="7.109" classname="RestTesting.Trello"/>
  <testcase name="Login" time="4.24" classname="RestTesting.E_Commerce1"/>
  <testcase name="getBoard" time="0.838" classname="RestTesting.Trello"/>
  <testcase name="Getallusers" time="2.508" classname="RestTesting.E_Commerce1"/>
  <testcase name="DeleteBoard" time="0.924" classname="RestTesting.Trello"/>
</testsuite> <!-- Test -->
